TN:
SF:vuetify.js
FNF:0
FNH:0
DA:4,15
LF:1
LH:1
BRF:0
BRH:0
end_of_record
TN:
SF:src\App.vue
FN:1,(anonymous_2)
FNF:1
FNH:1
FNDA:5,(anonymous_2)
DA:1,18
DA:8,1
LF:2
LH:2
BRF:0
BRH:0
end_of_record
TN:
SF:src\components\CustomInput.vue
FN:1,(anonymous_3)
FNF:1
FNH:1
FNDA:2,(anonymous_3)
DA:1,36
DA:11,10
LF:2
LH:2
BRDA:1,0,0,4
BRDA:1,0,1,1
BRDA:1,1,0,0
BRF:3
BRH:2
end_of_record
TN:
SF:src\services\CommandesService.js
FN:3,getCommandes
FN:4,(anonymous_1)
FNF:2
FNH:1
FNDA:1,getCommandes
FNDA:0,(anonymous_1)
DA:4,1
LF:1
LH:1
BRF:0
BRH:0
end_of_record
TN:
SF:src\services\ConnexionService.js
FN:5,getUser
FN:8,isLoggedIn
FN:12,setUser
FN:16,setNewEmail
FN:20,enregistrementClient
FN:21,(anonymous_5)
FNF:6
FNH:2
FNDA:1,getUser
FNDA:1,isLoggedIn
FNDA:0,setUser
FNDA:0,setNewEmail
FNDA:0,enregistrementClient
FNDA:0,(anonymous_5)
DA:2,16
DA:3,16
DA:6,1
DA:9,1
DA:13,0
DA:17,0
DA:21,0
LF:7
LH:4
BRF:0
BRH:0
end_of_record
TN:
SF:src\services\PanierService.js
FN:4,validerPanier
FNF:1
FNH:0
FNDA:0,validerPanier
DA:2,1
DA:5,0
LF:2
LH:1
BRF:0
BRH:0
end_of_record
TN:
SF:src\services\ProduitsService.js
FN:5,setArticlesFiltered
FN:9,getProduits
FN:10,(anonymous_2)
FN:13,getTulipes
FN:14,(anonymous_4)
FN:17,getRosiers
FN:18,(anonymous_6)
FN:21,getFruits
FN:22,(anonymous_8)
FN:25,getPotager
FN:26,(anonymous_10)
FN:29,getMateriel
FN:30,(anonymous_12)
FN:33,getSoins
FN:34,(anonymous_14)
FN:37,updateStock
FN:41,getAvis
FN:45,addAvis
FN:49,ajoutProduit
FN:55,(anonymous_19)
FN:59,(anonymous_20)
FNF:21
FNH:15
FNDA:0,setArticlesFiltered
FNDA:20,getProduits
FNDA:14,(anonymous_2)
FNDA:1,getTulipes
FNDA:1,(anonymous_4)
FNDA:1,getRosiers
FNDA:1,(anonymous_6)
FNDA:1,getFruits
FNDA:1,(anonymous_8)
FNDA:1,getPotager
FNDA:1,(anonymous_10)
FNDA:1,getMateriel
FNDA:1,(anonymous_12)
FNDA:1,getSoins
FNDA:1,(anonymous_14)
FNDA:0,updateStock
FNDA:1,getAvis
FNDA:0,addAvis
FNDA:0,ajoutProduit
FNDA:0,(anonymous_19)
FNDA:0,(anonymous_20)
DA:6,0
DA:10,20
DA:14,1
DA:18,1
DA:22,1
DA:26,1
DA:30,1
DA:34,1
DA:38,0
DA:42,1
DA:46,0
DA:50,0
DA:57,0
DA:61,0
LF:14
LH:8
BRF:0
BRH:0
end_of_record
TN:
SF:src\views\Home.vue
FN:1,(anonymous_0)
FNF:1
FNH:1
FNDA:4,(anonymous_0)
DA:1,18
LF:1
LH:1
BRF:0
BRH:0
end_of_record
TN:
SF:src\views\Commandes\Commandes.vue
FNF:0
FNH:0
DA:5,1
LF:1
LH:1
BRF:0
BRH:0
end_of_record
TN:
SF:src\views\FicheArticle\FicheArticle.vue
FNF:0
FNH:0
DA:7,1
LF:1
LH:1
BRF:0
BRH:0
end_of_record
TN:
SF:src\views\Panier\Panier.vue
FNF:0
FNH:0
DA:8,1
LF:1
LH:1
BRF:0
BRH:0
end_of_record
TN:
SF:src\views\Produits\Fruits\Fruits.vue
FNF:0
FNH:0
DA:8,1
LF:1
LH:1
BRF:0
BRH:0
end_of_record
TN:
SF:src\views\Produits\Materiel\Materiel.vue
FNF:0
FNH:0
DA:8,1
LF:1
LH:1
BRF:0
BRH:0
end_of_record
TN:
SF:src\views\Produits\Potager\Potager.vue
FNF:0
FNH:0
DA:8,1
LF:1
LH:1
BRF:0
BRH:0
end_of_record
TN:
SF:src\views\Produits\Rosiers\Rosiers.vue
FNF:0
FNH:0
DA:7,1
LF:1
LH:1
BRF:0
BRH:0
end_of_record
TN:
SF:src\views\Produits\Soins\Soins.vue
FNF:0
FNH:0
DA:8,1
LF:1
LH:1
BRF:0
BRH:0
end_of_record
TN:
SF:src\views\Produits\Tulipes\Tulipes.vue
FNF:0
FNH:0
DA:8,1
LF:1
LH:1
BRF:0
BRH:0
end_of_record
TN:
SF:src\views\ResultatRecherche\ResultatRecherche.vue
FNF:0
FNH:0
DA:8,1
LF:1
LH:1
BRF:0
BRH:0
end_of_record
TN:
SF:tests\unit\data.js
FNF:0
FNH:0
DA:1,2
LF:1
LH:1
BRF:0
BRH:0
end_of_record
