TN:
SF:vuetify.js
FNF:0
FNH:0
DA:4,15
LF:1
LH:1
BRF:0
BRH:0
end_of_record
TN:
SF:backEnd\app.js
FN:35,(anonymous_0)
FNF:1
FNH:1
FNDA:1,(anonymous_0)
DA:1,1
DA:2,1
DA:3,1
DA:4,1
DA:5,1
DA:6,1
DA:9,1
DA:11,1
DA:13,1
DA:14,1
DA:15,1
DA:16,1
DA:17,1
DA:20,1
DA:21,1
DA:23,1
DA:24,1
DA:26,1
DA:27,1
DA:29,1
DA:30,1
DA:32,1
DA:33,1
DA:35,1
DA:36,1
DA:39,1
LF:26
LH:26
BRF:0
BRH:0
end_of_record
TN:
SF:backEnd\config\dbConfig.js
FNF:0
FNH:0
DA:1,2
LF:1
LH:1
BRF:0
BRH:0
end_of_record
TN:
SF:backEnd\controllers\commandeController.js
FN:7,(anonymous_0)
FN:30,(anonymous_1)
FNF:2
FNH:0
FNDA:0,(anonymous_0)
FNDA:0,(anonymous_1)
DA:1,1
DA:4,1
DA:5,1
DA:7,1
DA:8,0
DA:9,0
DA:10,0
DA:11,0
DA:12,0
DA:18,0
DA:25,0
DA:27,0
DA:30,1
DA:32,0
DA:34,0
DA:40,0
DA:43,1
LF:17
LH:6
BRF:0
BRH:0
end_of_record
TN:
SF:backEnd\controllers\contenuCommandeController.js
FN:6,(anonymous_0)
FNF:1
FNH:0
FNDA:0,(anonymous_0)
DA:1,1
DA:4,1
DA:6,1
DA:7,0
DA:8,0
DA:11,1
LF:6
LH:4
BRF:0
BRH:0
end_of_record
TN:
SF:backEnd\controllers\noteAvisController.js
FN:8,(anonymous_0)
FN:16,(anonymous_1)
FN:27,(anonymous_2)
FNF:3
FNH:0
FNDA:0,(anonymous_0)
FNDA:0,(anonymous_1)
FNDA:0,(anonymous_2)
DA:1,1
DA:4,1
DA:8,1
DA:10,0
DA:12,0
DA:16,1
DA:18,0
DA:19,0
DA:23,0
DA:27,1
DA:29,0
DA:32,0
DA:40,0
DA:43,0
DA:46,1
LF:15
LH:6
BRF:0
BRH:0
end_of_record
TN:
SF:backEnd\controllers\produitsController.js
FN:6,(anonymous_0)
FN:16,(anonymous_1)
FN:26,(anonymous_2)
FN:36,(anonymous_3)
FN:46,(anonymous_4)
FN:56,(anonymous_5)
FN:66,(anonymous_6)
FN:76,(anonymous_7)
FN:87,(anonymous_8)
FNF:9
FNH:0
FNDA:0,(anonymous_0)
FNDA:0,(anonymous_1)
FNDA:0,(anonymous_2)
FNDA:0,(anonymous_3)
FNDA:0,(anonymous_4)
FNDA:0,(anonymous_5)
FNDA:0,(anonymous_6)
FNDA:0,(anonymous_7)
FNDA:0,(anonymous_8)
DA:1,1
DA:3,1
DA:6,1
DA:9,0
DA:12,0
DA:16,1
DA:18,0
DA:22,0
DA:26,1
DA:28,0
DA:32,0
DA:36,1
DA:38,0
DA:42,0
DA:46,1
DA:48,0
DA:52,0
DA:56,1
DA:58,0
DA:62,0
DA:66,1
DA:68,0
DA:72,0
DA:76,1
DA:77,0
DA:78,0
DA:79,0
DA:80,0
DA:83,0
DA:87,1
DA:88,0
DA:89,0
DA:90,0
DA:92,0
DA:102,0
DA:103,0
DA:104,0
DA:106,0
DA:110,1
LF:39
LH:12
BRF:0
BRH:0
end_of_record
TN:
SF:backEnd\controllers\utilisateursController.js
FN:13,(anonymous_0)
FN:20,(anonymous_1)
FN:50,(anonymous_2)
FN:59,(anonymous_3)
FN:87,(anonymous_4)
FNF:5
FNH:1
FNDA:0,(anonymous_0)
FNDA:2,(anonymous_1)
FNDA:0,(anonymous_2)
FNDA:0,(anonymous_3)
FNDA:0,(anonymous_4)
DA:1,2
DA:2,2
DA:3,2
DA:4,2
DA:7,2
DA:13,2
DA:15,0
DA:17,0
DA:20,2
DA:21,2
DA:22,2
DA:23,2
DA:25,2
DA:26,2
DA:29,0
DA:31,0
DA:40,0
DA:42,0
DA:43,0
DA:45,0
DA:50,2
DA:52,0
DA:57,0
DA:59,0
DA:61,0
DA:62,0
DA:65,0
DA:67,0
DA:68,0
DA:69,0
DA:71,0
DA:73,0
DA:75,0
DA:78,0
DA:83,0
DA:87,2
DA:88,0
DA:91,2
LF:38
LH:15
BRDA:25,0,0,2
BRDA:25,0,1,0
BRDA:57,1,0,0
BRDA:57,1,1,0
BRDA:61,2,0,0
BRDA:61,2,1,0
BRDA:65,3,0,0
BRDA:65,3,1,0
BRF:8
BRH:1
end_of_record
TN:
SF:backEnd\middleware\middleware.js
FN:5,(anonymous_0)
FN:15,(anonymous_1)
FNF:2
FNH:0
FNDA:0,(anonymous_0)
FNDA:0,(anonymous_1)
DA:2,1
DA:5,1
DA:7,0
DA:10,0
DA:12,0
DA:15,0
DA:17,0
DA:19,0
DA:22,0
DA:23,0
DA:24,0
DA:25,0
DA:32,1
LF:13
LH:3
BRDA:10,0,0,0
BRDA:10,0,1,0
BRDA:17,1,0,0
BRDA:17,1,1,0
BRF:4
BRH:0
end_of_record
TN:
SF:backEnd\models\commandeModel.js
FN:1,(anonymous_0)
FN:11,(anonymous_1)
FNF:2
FNH:1
FNDA:2,(anonymous_0)
FNDA:0,(anonymous_1)
DA:1,2
DA:3,2
DA:12,0
DA:24,2
LF:4
LH:3
BRF:0
BRH:0
end_of_record
TN:
SF:backEnd\models\contenuCommandeModel.js
FN:1,(anonymous_0)
FNF:1
FNH:1
FNDA:2,(anonymous_0)
DA:1,2
DA:3,2
DA:17,2
LF:3
LH:3
BRF:0
BRH:0
end_of_record
TN:
SF:backEnd\models\index.js
FN:20,(anonymous_0)
FN:23,(anonymous_1)
FN:45,(anonymous_2)
FNF:3
FNH:2
FNDA:1,(anonymous_0)
FNDA:0,(anonymous_1)
FNDA:1,(anonymous_2)
DA:2,2
DA:5,2
DA:8,2
DA:19,2
DA:21,1
DA:24,0
DA:28,2
DA:31,2
DA:32,2
DA:35,2
DA:36,2
DA:37,2
DA:38,2
DA:39,2
DA:44,2
DA:46,1
DA:51,2
DA:56,2
DA:61,2
DA:76,2
DA:81,2
DA:87,2
DA:92,2
DA:97,2
DA:98,2
DA:100,2
LF:26
LH:25
BRF:0
BRH:0
end_of_record
TN:
SF:backEnd\models\noteAvisModel.js
FN:1,(anonymous_0)
FN:17,(anonymous_1)
FNF:2
FNH:1
FNDA:2,(anonymous_0)
FNDA:0,(anonymous_1)
DA:1,2
DA:3,2
DA:18,0
DA:29,2
LF:4
LH:3
BRF:0
BRH:0
end_of_record
TN:
SF:backEnd\models\produitsModel.js
FN:1,(anonymous_0)
FNF:1
FNH:1
FNDA:2,(anonymous_0)
DA:1,2
DA:3,2
DA:38,2
LF:3
LH:3
BRF:0
BRH:0
end_of_record
TN:
SF:backEnd\models\utilisateursModel.js
FN:2,(anonymous_0)
FNF:1
FNH:1
FNDA:2,(anonymous_0)
DA:2,2
DA:4,2
DA:56,2
LF:3
LH:3
BRF:0
BRH:0
end_of_record
TN:
SF:backEnd\routes\commandeRouter.js
FNF:0
FNH:0
DA:1,1
DA:3,1
DA:5,1
DA:7,1
DA:10,1
LF:5
LH:5
BRF:0
BRH:0
end_of_record
TN:
SF:backEnd\routes\contenuCommandeRouter.js
FNF:0
FNH:0
DA:1,1
DA:3,1
DA:5,1
DA:8,1
LF:4
LH:4
BRF:0
BRH:0
end_of_record
TN:
SF:backEnd\routes\noteAvisRouter.js
FNF:0
FNH:0
DA:1,1
DA:3,1
DA:5,1
DA:7,1
DA:9,1
DA:11,1
LF:6
LH:6
BRF:0
BRH:0
end_of_record
TN:
SF:backEnd\routes\produitsRouter.js
FNF:0
FNH:0
DA:1,1
DA:5,1
DA:7,1
DA:8,1
DA:9,1
DA:10,1
DA:11,1
DA:12,1
DA:13,1
DA:14,1
DA:15,1
DA:17,1
LF:12
LH:12
BRF:0
BRH:0
end_of_record
TN:
SF:backEnd\routes\utilisateursRouter.js
FNF:0
FNH:0
DA:1,1
DA:2,1
DA:4,1
DA:6,1
DA:8,1
DA:10,1
DA:12,1
DA:14,1
LF:8
LH:8
BRF:0
BRH:0
end_of_record
TN:
SF:src\App.vue
FN:1,(anonymous_2)
FNF:1
FNH:1
FNDA:5,(anonymous_2)
DA:1,18
DA:8,1
LF:2
LH:2
BRF:0
BRH:0
end_of_record
TN:
SF:src\components\CustomInput.vue
FN:1,(anonymous_3)
FNF:1
FNH:1
FNDA:2,(anonymous_3)
DA:1,36
DA:8,10
LF:2
LH:2
BRDA:1,0,0,4
BRDA:1,0,1,1
BRDA:1,1,0,0
BRF:3
BRH:2
end_of_record
TN:
SF:src\services\CommandesService.js
FN:3,getCommandes
FN:4,(anonymous_1)
FNF:2
FNH:1
FNDA:1,getCommandes
FNDA:0,(anonymous_1)
DA:4,1
LF:1
LH:1
BRF:0
BRH:0
end_of_record
TN:
SF:src\services\ConnexionService.js
FN:5,getUser
FN:8,isLoggedIn
FN:12,setUser
FN:16,setNewEmail
FN:20,enregistrementClient
FN:21,(anonymous_5)
FNF:6
FNH:2
FNDA:1,getUser
FNDA:1,isLoggedIn
FNDA:0,setUser
FNDA:0,setNewEmail
FNDA:0,enregistrementClient
FNDA:0,(anonymous_5)
DA:2,16
DA:3,16
DA:6,1
DA:9,1
DA:13,0
DA:17,0
DA:21,0
LF:7
LH:4
BRF:0
BRH:0
end_of_record
TN:
SF:src\services\PanierService.js
FN:4,validerPanier
FNF:1
FNH:0
FNDA:0,validerPanier
DA:2,1
DA:5,0
LF:2
LH:1
BRF:0
BRH:0
end_of_record
TN:
SF:src\services\ProduitsService.js
FN:5,setArticlesFiltered
FN:9,getProduits
FN:10,(anonymous_2)
FN:13,getTulipes
FN:14,(anonymous_4)
FN:17,getRosiers
FN:18,(anonymous_6)
FN:21,getFruits
FN:22,(anonymous_8)
FN:25,getPotager
FN:26,(anonymous_10)
FN:29,getMateriel
FN:30,(anonymous_12)
FN:33,getSoins
FN:34,(anonymous_14)
FN:37,updateStock
FN:41,getAvis
FN:45,addAvis
FN:49,ajoutProduit
FN:55,(anonymous_19)
FN:59,(anonymous_20)
FNF:21
FNH:15
FNDA:0,setArticlesFiltered
FNDA:20,getProduits
FNDA:14,(anonymous_2)
FNDA:1,getTulipes
FNDA:1,(anonymous_4)
FNDA:1,getRosiers
FNDA:1,(anonymous_6)
FNDA:1,getFruits
FNDA:1,(anonymous_8)
FNDA:1,getPotager
FNDA:1,(anonymous_10)
FNDA:1,getMateriel
FNDA:1,(anonymous_12)
FNDA:1,getSoins
FNDA:1,(anonymous_14)
FNDA:0,updateStock
FNDA:1,getAvis
FNDA:0,addAvis
FNDA:0,ajoutProduit
FNDA:0,(anonymous_19)
FNDA:0,(anonymous_20)
DA:6,0
DA:10,20
DA:14,1
DA:18,1
DA:22,1
DA:26,1
DA:30,1
DA:34,1
DA:38,0
DA:42,1
DA:46,0
DA:50,0
DA:57,0
DA:61,0
LF:14
LH:8
BRF:0
BRH:0
end_of_record
TN:
SF:src\views\Home.vue
FN:1,(anonymous_0)
FNF:1
FNH:1
FNDA:4,(anonymous_0)
DA:1,18
LF:1
LH:1
BRF:0
BRH:0
end_of_record
TN:
SF:src\views\Commandes\Commandes.vue
FNF:0
FNH:0
DA:5,1
LF:1
LH:1
BRF:0
BRH:0
end_of_record
TN:
SF:src\views\FicheArticle\FicheArticle.vue
FNF:0
FNH:0
DA:7,1
LF:1
LH:1
BRF:0
BRH:0
end_of_record
TN:
SF:src\views\Panier\Panier.vue
FNF:0
FNH:0
DA:8,1
LF:1
LH:1
BRF:0
BRH:0
end_of_record
TN:
SF:src\views\Produits\Fruits\Fruits.vue
FNF:0
FNH:0
DA:8,1
LF:1
LH:1
BRF:0
BRH:0
end_of_record
TN:
SF:src\views\Produits\Materiel\Materiel.vue
FNF:0
FNH:0
DA:8,1
LF:1
LH:1
BRF:0
BRH:0
end_of_record
TN:
SF:src\views\Produits\Potager\Potager.vue
FNF:0
FNH:0
DA:8,1
LF:1
LH:1
BRF:0
BRH:0
end_of_record
TN:
SF:src\views\Produits\Rosiers\Rosiers.vue
FNF:0
FNH:0
DA:7,1
LF:1
LH:1
BRF:0
BRH:0
end_of_record
TN:
SF:src\views\Produits\Soins\Soins.vue
FNF:0
FNH:0
DA:8,1
LF:1
LH:1
BRF:0
BRH:0
end_of_record
TN:
SF:src\views\Produits\Tulipes\Tulipes.vue
FNF:0
FNH:0
DA:8,1
LF:1
LH:1
BRF:0
BRH:0
end_of_record
TN:
SF:src\views\ResultatRecherche\ResultatRecherche.vue
FNF:0
FNH:0
DA:8,1
LF:1
LH:1
BRF:0
BRH:0
end_of_record
TN:
SF:tests\unit\data.js
FNF:0
FNH:0
DA:1,2
LF:1
LH:1
BRF:0
BRH:0
end_of_record
